<?xml version="1.0" encoding="UTF-8"?>
<robot generator="Robot 3.2.1 (Python 3.8.3 on win32)" generated="20200722 13:38:58.604" rpa="false">
<suite id="s1" name="Receber-Pedidos" source="C:\Estudos\qaninja-roboweek-2-edicao\ninjachef\web\tests\receber-pedidos.robot">
<test id="s1-t1" name="Receber novo pedido">
<kw name="Open Session" library="base" type="setup">
<kw name="Open Browser" library="SeleniumLibrary">
<doc>Opens a new browser instance to the optional ``url``.</doc>
<arguments>
<arg>about:blank</arg>
<arg>chrome</arg>
</arguments>
<msg timestamp="20200722 13:38:58.999" level="INFO">Opening browser 'chrome' to base url 'about:blank'.</msg>
<status status="PASS" starttime="20200722 13:38:58.999" endtime="20200722 13:39:02.422"></status>
</kw>
<status status="PASS" starttime="20200722 13:38:58.998" endtime="20200722 13:39:02.422"></status>
</kw>
<kw name="Dado que &quot;eduguedes@gmail.com&quot; é minha conta de cozinheiro">
<kw name="Set Test Variable" library="BuiltIn">
<doc>Makes a variable available everywhere within the scope of the current test.</doc>
<arguments>
<arg>${email_cozinheiro}</arg>
</arguments>
<msg timestamp="20200722 13:39:02.425" level="INFO">${email_cozinheiro} = eduguedes@gmail.com</msg>
<status status="PASS" starttime="20200722 13:39:02.424" endtime="20200722 13:39:02.425"></status>
</kw>
<kw name="Create Dictionary" library="BuiltIn">
<doc>Creates and returns a dictionary based on the given ``items``.</doc>
<arguments>
<arg>Content-Type=application/json</arg>
</arguments>
<assign>
<var>&amp;{headers}</var>
</assign>
<msg timestamp="20200722 13:39:02.426" level="INFO">&amp;{headers} = { Content-Type=application/json }</msg>
<status status="PASS" starttime="20200722 13:39:02.425" endtime="20200722 13:39:02.426"></status>
</kw>
<kw name="Create Dictionary" library="BuiltIn">
<doc>Creates and returns a dictionary based on the given ``items``.</doc>
<arguments>
<arg>email=${email_cozinheiro}</arg>
</arguments>
<assign>
<var>&amp;{payload}</var>
</assign>
<msg timestamp="20200722 13:39:02.428" level="INFO">&amp;{payload} = { email=eduguedes@gmail.com }</msg>
<status status="PASS" starttime="20200722 13:39:02.427" endtime="20200722 13:39:02.428"></status>
</kw>
<kw name="Create Session" library="RequestsLibrary">
<doc>Create Session: create a HTTP session to a server</doc>
<arguments>
<arg>api</arg>
<arg>http://ninjachef-api-qaninja-io.umbler.net</arg>
</arguments>
<msg timestamp="20200722 13:39:02.428" level="INFO">Creating Session using : alias=api, url=http://ninjachef-api-qaninja-io.umbler.net, headers={},                     cookies={}, auth=None, timeout=None, proxies=None, verify=False,                     debug=0 </msg>
<status status="PASS" starttime="20200722 13:39:02.428" endtime="20200722 13:39:02.429"></status>
</kw>
<kw name="Post Request" library="RequestsLibrary">
<doc>Send a POST request on the session object found using the
given `alias`</doc>
<arguments>
<arg>api</arg>
<arg>/sessions</arg>
<arg>data=${payload}</arg>
<arg>headers=${headers}</arg>
</arguments>
<assign>
<var>${resp}</var>
</assign>
<msg timestamp="20200722 13:39:03.899" level="INFO">POST Request : url=http://ninjachef-api-qaninja-io.umbler.net/sessions 
 path_url=/sessions 
 headers={'User-Agent': 'python-requests/2.24.0', 'Accept-Encoding': 'gzip, deflate', 'Accept': '*/*', 'Connection': 'keep-alive', 'Content-Type': 'application/json', 'Content-Length': '32'} 
 body={"email": "eduguedes@gmail.com"} 
 </msg>
<msg timestamp="20200722 13:39:03.899" level="INFO">POST Response : url=http://ninjachef-api-qaninja-io.umbler.net/sessions 
 status=200, reason=OK 
 body={"_id":"5f1744fc42f1f60016038846","email":"eduguedes@gmail.com","__v":0} 
 </msg>
<msg timestamp="20200722 13:39:03.899" level="INFO">${resp} = &lt;Response [200]&gt;</msg>
<status status="PASS" starttime="20200722 13:39:02.430" endtime="20200722 13:39:03.900"></status>
</kw>
<kw name="Status Should Be" library="RequestsLibrary">
<doc>Fails if response status code is different than the expected.</doc>
<arguments>
<arg>200</arg>
<arg>${resp}</arg>
</arguments>
<status status="PASS" starttime="20200722 13:39:03.900" endtime="20200722 13:39:03.900"></status>
</kw>
<kw name="Log To Console" library="BuiltIn">
<doc>Logs the given message to the console.</doc>
<arguments>
<arg>${resp.json()['_id']}</arg>
</arguments>
<status status="PASS" starttime="20200722 13:39:03.900" endtime="20200722 13:39:03.901"></status>
</kw>
<status status="PASS" starttime="20200722 13:39:02.423" endtime="20200722 13:39:03.901"></status>
</kw>
<kw name="E &quot;fernando@bol.com.br&quot; é o email do meu cliente">
<kw name="Set Test Variable" library="BuiltIn">
<doc>Makes a variable available everywhere within the scope of the current test.</doc>
<arguments>
<arg>${email_cliente}</arg>
</arguments>
<msg timestamp="20200722 13:39:03.903" level="INFO">${email_cliente} = fernando@bol.com.br</msg>
<status status="PASS" starttime="20200722 13:39:03.902" endtime="20200722 13:39:03.903"></status>
</kw>
<status status="PASS" starttime="20200722 13:39:03.902" endtime="20200722 13:39:03.903"></status>
</kw>
<kw name="E que &quot;Carne de Jaca Loura&quot; está cadastrado no meu dashboard">
<kw name="Set Test Variable" library="BuiltIn">
<doc>Makes a variable available everywhere within the scope of the current test.</doc>
<arguments>
<arg>${produto}</arg>
</arguments>
<msg timestamp="20200722 13:39:03.904" level="INFO">${produto} = Carne de Jaca Loura</msg>
<status status="PASS" starttime="20200722 13:39:03.904" endtime="20200722 13:39:03.904"></status>
</kw>
<status status="PASS" starttime="20200722 13:39:03.903" endtime="20200722 13:39:03.905"></status>
</kw>
<kw name="Quando o cliente solicita o preparo desse prato">
<msg timestamp="20200722 13:39:03.911" level="FAIL">No keyword with name 'Quando o cliente solicita o preparo desse prato' found.</msg>
<status status="FAIL" starttime="20200722 13:39:03.910" endtime="20200722 13:39:03.911"></status>
</kw>
<kw name="Close Session" library="base" type="teardown">
<kw name="Capture Page Screenshot" library="SeleniumLibrary">
<doc>Takes a screenshot of the current page and embeds it into a log file.</doc>
<msg timestamp="20200722 13:39:04.258" level="INFO" html="yes">&lt;/td&gt;&lt;/tr&gt;&lt;tr&gt;&lt;td colspan="3"&gt;&lt;a href="selenium-screenshot-9.png"&gt;&lt;img src="selenium-screenshot-9.png" width="800px"&gt;&lt;/a&gt;</msg>
<status status="PASS" starttime="20200722 13:39:03.912" endtime="20200722 13:39:04.258"></status>
</kw>
<kw name="Close Browser" library="SeleniumLibrary">
<doc>Closes the current browser.</doc>
<status status="PASS" starttime="20200722 13:39:04.258" endtime="20200722 13:39:06.479"></status>
</kw>
<status status="PASS" starttime="20200722 13:39:03.911" endtime="20200722 13:39:06.480"></status>
</kw>
<status status="FAIL" starttime="20200722 13:38:58.997" endtime="20200722 13:39:06.481" critical="yes">No keyword with name 'Quando o cliente solicita o preparo desse prato' found.</status>
</test>
<doc>Receber pedidos
Sendo um cozinheiro que possui produtos no dashboard
Quero receber solicitação de preparo dos meus produtos
Para que eu possa envia-los aos meus clientes</doc>
<status status="FAIL" starttime="20200722 13:38:58.607" endtime="20200722 13:39:06.489"></status>
</suite>
<statistics>
<total>
<stat pass="0" fail="1">Critical Tests</stat>
<stat pass="0" fail="1">All Tests</stat>
</total>
<tag>
</tag>
<suite>
<stat pass="0" fail="1" id="s1" name="Receber-Pedidos">Receber-Pedidos</stat>
</suite>
</statistics>
<errors>
</errors>
</robot>
