<?xml version="1.0" encoding="UTF-8"?>
<robot generator="Robot 3.2.1 (Python 3.8.3 on win32)" generated="20200709 23:11:23.016" rpa="false">
<suite id="s1" name="Cadastro" source="C:\Estudos\qaninja-roboweek-2-edicao\ninjachef\tests\cadastro.robot">
<test id="s1-t1" name="Cadastro Simples">
<kw name="Open Section" library="base" type="setup">
<kw name="Open Browser" library="SeleniumLibrary">
<doc>Opens a new browser instance to the optional ``url``.</doc>
<arguments>
<arg>about:blank</arg>
<arg>chrome</arg>
</arguments>
<msg timestamp="20200709 23:11:23.279" level="INFO">Opening browser 'chrome' to base url 'about:blank'.</msg>
<status status="PASS" starttime="20200709 23:11:23.279" endtime="20200709 23:11:26.581"></status>
</kw>
<status status="PASS" starttime="20200709 23:11:23.278" endtime="20200709 23:11:26.581"></status>
</kw>
<kw name="Dado que acesso a pagina principal" library="kws">
<kw name="Go To" library="SeleniumLibrary">
<doc>Navigates the current browser window to the provided ``url``.</doc>
<arguments>
<arg>http://ninjachef-qaninja-io.umbler.net/</arg>
</arguments>
<msg timestamp="20200709 23:11:26.583" level="INFO">Opening url 'http://ninjachef-qaninja-io.umbler.net/'</msg>
<status status="PASS" starttime="20200709 23:11:26.583" endtime="20200709 23:11:29.866"></status>
</kw>
<status status="PASS" starttime="20200709 23:11:26.582" endtime="20200709 23:11:29.866"></status>
</kw>
<kw name="Quando submeto meu email &quot;klebernascimento@outlook.com.br&quot;" library="kws">
<kw name="Input Text" library="SeleniumLibrary">
<doc>Types the given ``text`` into the text field identified by ``locator``.</doc>
<arguments>
<arg>id:email</arg>
<arg>${email}</arg>
</arguments>
<msg timestamp="20200709 23:11:29.868" level="INFO">Typing text 'klebernascimento@outlook.com.br' into text field 'id:email'.</msg>
<status status="PASS" starttime="20200709 23:11:29.867" endtime="20200709 23:11:30.241"></status>
</kw>
<kw name="Click Element" library="SeleniumLibrary">
<doc>Click the element identified by ``locator``.</doc>
<arguments>
<arg>css:button[type=submit]</arg>
</arguments>
<msg timestamp="20200709 23:11:30.242" level="INFO">Clicking element 'css:button[type=submit]'.</msg>
<status status="PASS" starttime="20200709 23:11:30.241" endtime="20200709 23:11:30.325"></status>
</kw>
<status status="PASS" starttime="20200709 23:11:29.867" endtime="20200709 23:11:30.326"></status>
</kw>
<kw name="Entao devo ser autenticado" library="kws">
<kw name="Wait Until Page Contains Element" library="SeleniumLibrary">
<doc>Waits until the element ``locator`` appears on the current page.</doc>
<arguments>
<arg>class:dashboard</arg>
</arguments>
<status status="PASS" starttime="20200709 23:11:30.327" endtime="20200709 23:11:31.022"></status>
</kw>
<status status="PASS" starttime="20200709 23:11:30.327" endtime="20200709 23:11:31.022"></status>
</kw>
<kw name="Close Section" library="base" type="teardown">
<kw name="Close Browser" library="SeleniumLibrary">
<doc>Closes the current browser.</doc>
<status status="PASS" starttime="20200709 23:11:31.024" endtime="20200709 23:11:34.233"></status>
</kw>
<status status="PASS" starttime="20200709 23:11:31.024" endtime="20200709 23:11:34.233"></status>
</kw>
<status status="PASS" starttime="20200709 23:11:23.277" endtime="20200709 23:11:34.234" critical="yes"></status>
</test>
<test id="s1-t2" name="Email incorreto">
<kw name="Open Section" library="base" type="setup">
<kw name="Open Browser" library="SeleniumLibrary">
<doc>Opens a new browser instance to the optional ``url``.</doc>
<arguments>
<arg>about:blank</arg>
<arg>chrome</arg>
</arguments>
<msg timestamp="20200709 23:11:34.241" level="INFO">Opening browser 'chrome' to base url 'about:blank'.</msg>
<status status="PASS" starttime="20200709 23:11:34.240" endtime="20200709 23:11:37.514"></status>
</kw>
<status status="PASS" starttime="20200709 23:11:34.239" endtime="20200709 23:11:37.515"></status>
</kw>
<kw name="Dado que acesso a pagina principal" library="kws">
<kw name="Go To" library="SeleniumLibrary">
<doc>Navigates the current browser window to the provided ``url``.</doc>
<arguments>
<arg>http://ninjachef-qaninja-io.umbler.net/</arg>
</arguments>
<msg timestamp="20200709 23:11:37.516" level="INFO">Opening url 'http://ninjachef-qaninja-io.umbler.net/'</msg>
<status status="PASS" starttime="20200709 23:11:37.516" endtime="20200709 23:11:39.303"></status>
</kw>
<status status="PASS" starttime="20200709 23:11:37.515" endtime="20200709 23:11:39.303"></status>
</kw>
<kw name="Quando submeto meu email &quot;kleber$gmail.com&quot;" library="kws">
<kw name="Input Text" library="SeleniumLibrary">
<doc>Types the given ``text`` into the text field identified by ``locator``.</doc>
<arguments>
<arg>id:email</arg>
<arg>${email}</arg>
</arguments>
<msg timestamp="20200709 23:11:39.305" level="INFO">Typing text 'kleber$gmail.com' into text field 'id:email'.</msg>
<status status="PASS" starttime="20200709 23:11:39.305" endtime="20200709 23:11:39.511"></status>
</kw>
<kw name="Click Element" library="SeleniumLibrary">
<doc>Click the element identified by ``locator``.</doc>
<arguments>
<arg>css:button[type=submit]</arg>
</arguments>
<msg timestamp="20200709 23:11:39.511" level="INFO">Clicking element 'css:button[type=submit]'.</msg>
<status status="PASS" starttime="20200709 23:11:39.511" endtime="20200709 23:11:39.572"></status>
</kw>
<status status="PASS" starttime="20200709 23:11:39.304" endtime="20200709 23:11:39.572"></status>
</kw>
<kw name="Entao devo ver a mensagem &quot;Oops. Informe um email válido!&quot;" library="kws">
<kw name="Wait Until Element Contains" library="SeleniumLibrary">
<doc>Waits until the element ``locator`` contains ``text``.</doc>
<arguments>
<arg>class:alert</arg>
<arg>${expect_message}</arg>
</arguments>
<status status="PASS" starttime="20200709 23:11:39.573" endtime="20200709 23:11:39.604"></status>
</kw>
<status status="PASS" starttime="20200709 23:11:39.573" endtime="20200709 23:11:39.605"></status>
</kw>
<kw name="Close Section" library="base" type="teardown">
<kw name="Close Browser" library="SeleniumLibrary">
<doc>Closes the current browser.</doc>
<status status="PASS" starttime="20200709 23:11:39.606" endtime="20200709 23:11:41.732"></status>
</kw>
<status status="PASS" starttime="20200709 23:11:39.605" endtime="20200709 23:11:41.733"></status>
</kw>
<status status="PASS" starttime="20200709 23:11:34.237" endtime="20200709 23:11:41.733" critical="yes"></status>
</test>
<test id="s1-t3" name="Email não informado">
<kw name="Open Section" library="base" type="setup">
<kw name="Open Browser" library="SeleniumLibrary">
<doc>Opens a new browser instance to the optional ``url``.</doc>
<arguments>
<arg>about:blank</arg>
<arg>chrome</arg>
</arguments>
<msg timestamp="20200709 23:11:41.737" level="INFO">Opening browser 'chrome' to base url 'about:blank'.</msg>
<status status="PASS" starttime="20200709 23:11:41.737" endtime="20200709 23:11:44.969"></status>
</kw>
<status status="PASS" starttime="20200709 23:11:41.736" endtime="20200709 23:11:44.969"></status>
</kw>
<kw name="Dado que acesso a pagina principal" library="kws">
<kw name="Go To" library="SeleniumLibrary">
<doc>Navigates the current browser window to the provided ``url``.</doc>
<arguments>
<arg>http://ninjachef-qaninja-io.umbler.net/</arg>
</arguments>
<msg timestamp="20200709 23:11:44.970" level="INFO">Opening url 'http://ninjachef-qaninja-io.umbler.net/'</msg>
<status status="PASS" starttime="20200709 23:11:44.970" endtime="20200709 23:11:47.721"></status>
</kw>
<status status="PASS" starttime="20200709 23:11:44.970" endtime="20200709 23:11:47.722"></status>
</kw>
<kw name="Quando submeto meu email &quot;${EMPTY}&quot;" library="kws">
<kw name="Input Text" library="SeleniumLibrary">
<doc>Types the given ``text`` into the text field identified by ``locator``.</doc>
<arguments>
<arg>id:email</arg>
<arg>${email}</arg>
</arguments>
<msg timestamp="20200709 23:11:47.723" level="INFO">Typing text '' into text field 'id:email'.</msg>
<status status="PASS" starttime="20200709 23:11:47.723" endtime="20200709 23:11:47.821"></status>
</kw>
<kw name="Click Element" library="SeleniumLibrary">
<doc>Click the element identified by ``locator``.</doc>
<arguments>
<arg>css:button[type=submit]</arg>
</arguments>
<msg timestamp="20200709 23:11:47.822" level="INFO">Clicking element 'css:button[type=submit]'.</msg>
<status status="PASS" starttime="20200709 23:11:47.822" endtime="20200709 23:11:47.883"></status>
</kw>
<status status="PASS" starttime="20200709 23:11:47.722" endtime="20200709 23:11:47.883"></status>
</kw>
<kw name="Entao devo ver a mensagem &quot;Oops. Informe um email válido!&quot;" library="kws">
<kw name="Wait Until Element Contains" library="SeleniumLibrary">
<doc>Waits until the element ``locator`` contains ``text``.</doc>
<arguments>
<arg>class:alert</arg>
<arg>${expect_message}</arg>
</arguments>
<status status="PASS" starttime="20200709 23:11:47.885" endtime="20200709 23:11:47.914"></status>
</kw>
<status status="PASS" starttime="20200709 23:11:47.884" endtime="20200709 23:11:47.914"></status>
</kw>
<kw name="Close Section" library="base" type="teardown">
<kw name="Close Browser" library="SeleniumLibrary">
<doc>Closes the current browser.</doc>
<status status="PASS" starttime="20200709 23:11:47.915" endtime="20200709 23:11:50.022"></status>
</kw>
<status status="PASS" starttime="20200709 23:11:47.915" endtime="20200709 23:11:50.023"></status>
</kw>
<status status="PASS" starttime="20200709 23:11:41.735" endtime="20200709 23:11:50.024" critical="yes"></status>
</test>
<doc>Suite de Testes de Cadastro</doc>
<status status="PASS" starttime="20200709 23:11:23.018" endtime="20200709 23:11:50.028"></status>
</suite>
<statistics>
<total>
<stat pass="3" fail="0">Critical Tests</stat>
<stat pass="3" fail="0">All Tests</stat>
</total>
<tag>
</tag>
<suite>
<stat pass="3" fail="0" id="s1" name="Cadastro">Cadastro</stat>
</suite>
</statistics>
<errors>
</errors>
</robot>
