<?xml version="1.0" encoding="UTF-8"?>
<robot generator="Robot 3.2.1 (Python 3.8.3 on win32)" generated="20200711 22:12:22.286" rpa="false">
<suite id="s1" name="Tests" source="C:\Estudos\qaninja-roboweek-2-edicao\ninjachef\tests">
<suite id="s1-s1" name="Cadastro-Usuario" source="C:\Estudos\qaninja-roboweek-2-edicao\ninjachef\tests\cadastro-usuario.robot">
<test id="s1-s1-t1" name="Cadastro Simples">
<kw name="Open Section" library="base" type="setup">
<kw name="Open Browser" library="SeleniumLibrary">
<doc>Opens a new browser instance to the optional ``url``.</doc>
<arguments>
<arg>about:blank</arg>
<arg>chrome</arg>
</arguments>
<msg timestamp="20200711 22:12:22.563" level="INFO">Opening browser 'chrome' to base url 'about:blank'.</msg>
<status status="PASS" starttime="20200711 22:12:22.563" endtime="20200711 22:12:26.051"></status>
</kw>
<status status="PASS" starttime="20200711 22:12:22.562" endtime="20200711 22:12:26.051"></status>
</kw>
<kw name="Dado que acesso a pagina principal" library="kws">
<kw name="Go To" library="SeleniumLibrary">
<doc>Navigates the current browser window to the provided ``url``.</doc>
<arguments>
<arg>${base_url}</arg>
</arguments>
<msg timestamp="20200711 22:12:26.053" level="INFO">Opening url 'http://ninjachef-qaninja-io.umbler.net/'</msg>
<status status="PASS" starttime="20200711 22:12:26.053" endtime="20200711 22:12:28.362"></status>
</kw>
<status status="PASS" starttime="20200711 22:12:26.052" endtime="20200711 22:12:28.362"></status>
</kw>
<kw name="Quando submeto meu email &quot;klebernascimento@outlook.com.br&quot;" library="kws">
<kw name="Input Text" library="SeleniumLibrary">
<doc>Types the given ``text`` into the text field identified by ``locator``.</doc>
<arguments>
<arg>${CAMPO_EMAIL}</arg>
<arg>${email}</arg>
</arguments>
<msg timestamp="20200711 22:12:28.364" level="INFO">Typing text 'klebernascimento@outlook.com.br' into text field 'id:email'.</msg>
<status status="PASS" starttime="20200711 22:12:28.364" endtime="20200711 22:12:28.646"></status>
</kw>
<kw name="Click Element" library="SeleniumLibrary">
<doc>Click the element identified by ``locator``.</doc>
<arguments>
<arg>${BOTAO_ENTRAR}</arg>
</arguments>
<msg timestamp="20200711 22:12:28.647" level="INFO">Clicking element 'css:button[type=submit]'.</msg>
<status status="PASS" starttime="20200711 22:12:28.646" endtime="20200711 22:12:28.713"></status>
</kw>
<status status="PASS" starttime="20200711 22:12:28.364" endtime="20200711 22:12:28.713"></status>
</kw>
<kw name="Entao devo ser autenticado" library="kws">
<kw name="Wait Until Page Contains Element" library="SeleniumLibrary">
<doc>Waits until the element ``locator`` appears on the current page.</doc>
<arguments>
<arg>${DIV_DASH}</arg>
</arguments>
<status status="PASS" starttime="20200711 22:12:28.714" endtime="20200711 22:12:29.638"></status>
</kw>
<status status="PASS" starttime="20200711 22:12:28.714" endtime="20200711 22:12:29.638"></status>
</kw>
<kw name="Close Section" library="base" type="teardown">
<kw name="Close Browser" library="SeleniumLibrary">
<doc>Closes the current browser.</doc>
<status status="PASS" starttime="20200711 22:12:29.640" endtime="20200711 22:12:32.664"></status>
</kw>
<status status="PASS" starttime="20200711 22:12:29.639" endtime="20200711 22:12:32.664"></status>
</kw>
<status status="PASS" starttime="20200711 22:12:22.561" endtime="20200711 22:12:32.665" critical="yes"></status>
</test>
<test id="s1-s1-t2" name="Email incorreto">
<kw name="Open Section" library="base" type="setup">
<kw name="Open Browser" library="SeleniumLibrary">
<doc>Opens a new browser instance to the optional ``url``.</doc>
<arguments>
<arg>about:blank</arg>
<arg>chrome</arg>
</arguments>
<msg timestamp="20200711 22:12:32.671" level="INFO">Opening browser 'chrome' to base url 'about:blank'.</msg>
<status status="PASS" starttime="20200711 22:12:32.671" endtime="20200711 22:12:35.842"></status>
</kw>
<status status="PASS" starttime="20200711 22:12:32.670" endtime="20200711 22:12:35.843"></status>
</kw>
<kw name="Dado que acesso a pagina principal" library="kws">
<kw name="Go To" library="SeleniumLibrary">
<doc>Navigates the current browser window to the provided ``url``.</doc>
<arguments>
<arg>${base_url}</arg>
</arguments>
<msg timestamp="20200711 22:12:35.844" level="INFO">Opening url 'http://ninjachef-qaninja-io.umbler.net/'</msg>
<status status="PASS" starttime="20200711 22:12:35.844" endtime="20200711 22:12:37.967"></status>
</kw>
<status status="PASS" starttime="20200711 22:12:35.844" endtime="20200711 22:12:37.967"></status>
</kw>
<kw name="Quando submeto meu email &quot;kleber$gmail.com&quot;" library="kws">
<kw name="Input Text" library="SeleniumLibrary">
<doc>Types the given ``text`` into the text field identified by ``locator``.</doc>
<arguments>
<arg>${CAMPO_EMAIL}</arg>
<arg>${email}</arg>
</arguments>
<msg timestamp="20200711 22:12:37.969" level="INFO">Typing text 'kleber$gmail.com' into text field 'id:email'.</msg>
<status status="PASS" starttime="20200711 22:12:37.969" endtime="20200711 22:12:38.164"></status>
</kw>
<kw name="Click Element" library="SeleniumLibrary">
<doc>Click the element identified by ``locator``.</doc>
<arguments>
<arg>${BOTAO_ENTRAR}</arg>
</arguments>
<msg timestamp="20200711 22:12:38.165" level="INFO">Clicking element 'css:button[type=submit]'.</msg>
<status status="PASS" starttime="20200711 22:12:38.165" endtime="20200711 22:12:38.240"></status>
</kw>
<status status="PASS" starttime="20200711 22:12:37.968" endtime="20200711 22:12:38.240"></status>
</kw>
<kw name="Entao devo ver a mensagem &quot;Oops. Informe um email válido!&quot;" library="kws">
<kw name="Wait Until Element Contains" library="SeleniumLibrary">
<doc>Waits until the element ``locator`` contains ``text``.</doc>
<arguments>
<arg>${DIV_ALERT}</arg>
<arg>${expect_message}</arg>
</arguments>
<status status="PASS" starttime="20200711 22:12:38.241" endtime="20200711 22:12:38.276"></status>
</kw>
<status status="PASS" starttime="20200711 22:12:38.241" endtime="20200711 22:12:38.276"></status>
</kw>
<kw name="Close Section" library="base" type="teardown">
<kw name="Close Browser" library="SeleniumLibrary">
<doc>Closes the current browser.</doc>
<status status="PASS" starttime="20200711 22:12:38.277" endtime="20200711 22:12:40.413"></status>
</kw>
<status status="PASS" starttime="20200711 22:12:38.277" endtime="20200711 22:12:40.414"></status>
</kw>
<status status="PASS" starttime="20200711 22:12:32.668" endtime="20200711 22:12:40.415" critical="yes"></status>
</test>
<test id="s1-s1-t3" name="Email não informado">
<kw name="Open Section" library="base" type="setup">
<kw name="Open Browser" library="SeleniumLibrary">
<doc>Opens a new browser instance to the optional ``url``.</doc>
<arguments>
<arg>about:blank</arg>
<arg>chrome</arg>
</arguments>
<msg timestamp="20200711 22:12:40.421" level="INFO">Opening browser 'chrome' to base url 'about:blank'.</msg>
<status status="PASS" starttime="20200711 22:12:40.420" endtime="20200711 22:12:43.694"></status>
</kw>
<status status="PASS" starttime="20200711 22:12:40.419" endtime="20200711 22:12:43.694"></status>
</kw>
<kw name="Dado que acesso a pagina principal" library="kws">
<kw name="Go To" library="SeleniumLibrary">
<doc>Navigates the current browser window to the provided ``url``.</doc>
<arguments>
<arg>${base_url}</arg>
</arguments>
<msg timestamp="20200711 22:12:43.696" level="INFO">Opening url 'http://ninjachef-qaninja-io.umbler.net/'</msg>
<status status="PASS" starttime="20200711 22:12:43.696" endtime="20200711 22:12:46.227"></status>
</kw>
<status status="PASS" starttime="20200711 22:12:43.695" endtime="20200711 22:12:46.227"></status>
</kw>
<kw name="Quando submeto meu email &quot;${EMPTY}&quot;" library="kws">
<kw name="Input Text" library="SeleniumLibrary">
<doc>Types the given ``text`` into the text field identified by ``locator``.</doc>
<arguments>
<arg>${CAMPO_EMAIL}</arg>
<arg>${email}</arg>
</arguments>
<msg timestamp="20200711 22:12:46.230" level="INFO">Typing text '' into text field 'id:email'.</msg>
<status status="PASS" starttime="20200711 22:12:46.230" endtime="20200711 22:12:46.338"></status>
</kw>
<kw name="Click Element" library="SeleniumLibrary">
<doc>Click the element identified by ``locator``.</doc>
<arguments>
<arg>${BOTAO_ENTRAR}</arg>
</arguments>
<msg timestamp="20200711 22:12:46.338" level="INFO">Clicking element 'css:button[type=submit]'.</msg>
<status status="PASS" starttime="20200711 22:12:46.338" endtime="20200711 22:12:46.408"></status>
</kw>
<status status="PASS" starttime="20200711 22:12:46.229" endtime="20200711 22:12:46.408"></status>
</kw>
<kw name="Entao devo ver a mensagem &quot;Oops. Informe um email válido!&quot;" library="kws">
<kw name="Wait Until Element Contains" library="SeleniumLibrary">
<doc>Waits until the element ``locator`` contains ``text``.</doc>
<arguments>
<arg>${DIV_ALERT}</arg>
<arg>${expect_message}</arg>
</arguments>
<status status="PASS" starttime="20200711 22:12:46.409" endtime="20200711 22:12:46.439"></status>
</kw>
<status status="PASS" starttime="20200711 22:12:46.409" endtime="20200711 22:12:46.439"></status>
</kw>
<kw name="Close Section" library="base" type="teardown">
<kw name="Close Browser" library="SeleniumLibrary">
<doc>Closes the current browser.</doc>
<status status="PASS" starttime="20200711 22:12:46.440" endtime="20200711 22:12:48.582"></status>
</kw>
<status status="PASS" starttime="20200711 22:12:46.440" endtime="20200711 22:12:48.583"></status>
</kw>
<status status="PASS" starttime="20200711 22:12:40.418" endtime="20200711 22:12:48.583" critical="yes"></status>
</test>
<doc>Suite de Testes de Cadastro</doc>
<status status="PASS" starttime="20200711 22:12:22.317" endtime="20200711 22:12:48.588"></status>
</suite>
<suite id="s1-s2" name="Produtos" source="C:\Estudos\qaninja-roboweek-2-edicao\ninjachef\tests\produtos.robot">
<test id="s1-s2-t1" name="Novo prato">
<kw name="Login Session" library="helpers" type="setup">
<arguments>
<arg>klebernascimento@outlook.com.br</arg>
</arguments>
<kw name="Open Section" library="base">
<kw name="Open Browser" library="SeleniumLibrary">
<doc>Opens a new browser instance to the optional ``url``.</doc>
<arguments>
<arg>about:blank</arg>
<arg>chrome</arg>
</arguments>
<msg timestamp="20200711 22:12:48.626" level="INFO">Opening browser 'chrome' to base url 'about:blank'.</msg>
<status status="PASS" starttime="20200711 22:12:48.626" endtime="20200711 22:12:51.832"></status>
</kw>
<status status="PASS" starttime="20200711 22:12:48.625" endtime="20200711 22:12:51.832"></status>
</kw>
<kw name="Go To" library="SeleniumLibrary">
<doc>Navigates the current browser window to the provided ``url``.</doc>
<arguments>
<arg>${base_url}</arg>
</arguments>
<msg timestamp="20200711 22:12:51.833" level="INFO">Opening url 'http://ninjachef-qaninja-io.umbler.net/'</msg>
<status status="PASS" starttime="20200711 22:12:51.833" endtime="20200711 22:12:55.909"></status>
</kw>
<kw name="Input Text" library="SeleniumLibrary">
<doc>Types the given ``text`` into the text field identified by ``locator``.</doc>
<arguments>
<arg>${CAMPO_EMAIL}</arg>
<arg>${email}</arg>
</arguments>
<msg timestamp="20200711 22:12:55.910" level="INFO">Typing text 'klebernascimento@outlook.com.br' into text field 'id:email'.</msg>
<status status="PASS" starttime="20200711 22:12:55.910" endtime="20200711 22:12:56.214"></status>
</kw>
<kw name="Click Element" library="SeleniumLibrary">
<doc>Click the element identified by ``locator``.</doc>
<arguments>
<arg>${BOTAO_ENTRAR}</arg>
</arguments>
<msg timestamp="20200711 22:12:56.214" level="INFO">Clicking element 'css:button[type=submit]'.</msg>
<status status="PASS" starttime="20200711 22:12:56.214" endtime="20200711 22:12:56.298"></status>
</kw>
<kw name="Wait Until Page Contains Element" library="SeleniumLibrary">
<doc>Waits until the element ``locator`` appears on the current page.</doc>
<arguments>
<arg>${DIV_DASH}</arg>
</arguments>
<status status="PASS" starttime="20200711 22:12:56.298" endtime="20200711 22:12:56.743"></status>
</kw>
<status status="PASS" starttime="20200711 22:12:48.624" endtime="20200711 22:12:56.744"></status>
</kw>
<kw name="Dado que &quot;${nhoque}&quot; é um dos meus pratos" library="kws">
<kw name="Set Test Variable" library="BuiltIn">
<doc>Makes a variable available everywhere within the scope of the current test.</doc>
<arguments>
<arg>${produto}</arg>
</arguments>
<msg timestamp="20200711 22:12:56.745" level="INFO">${produto} = {'img': 'nhoque.jpg', 'nome': 'Nnhoque molho páprica', 'tipo': 'Massas', 'preco': '20.00'}</msg>
<status status="PASS" starttime="20200711 22:12:56.745" endtime="20200711 22:12:56.745"></status>
</kw>
<status status="PASS" starttime="20200711 22:12:56.744" endtime="20200711 22:12:56.745"></status>
</kw>
<kw name="Quando faço o cadastro desse item" library="kws">
<kw name="Wait Until Element Is Visible" library="SeleniumLibrary">
<doc>Waits until the element ``locator`` is visible.</doc>
<arguments>
<arg>${BOTAO_ADD}</arg>
<arg>5</arg>
</arguments>
<status status="PASS" starttime="20200711 22:12:56.746" endtime="20200711 22:12:57.251"></status>
</kw>
<kw name="Click Element" library="SeleniumLibrary">
<doc>Click the element identified by ``locator``.</doc>
<arguments>
<arg>${BOTAO_ADD}</arg>
</arguments>
<msg timestamp="20200711 22:12:57.252" level="INFO">Clicking element 'class:btn-add'.</msg>
<status status="PASS" starttime="20200711 22:12:57.252" endtime="20200711 22:12:57.347"></status>
</kw>
<kw name="Choose File" library="SeleniumLibrary">
<doc>Inputs the ``file_path`` into the file input field ``locator``.</doc>
<arguments>
<arg>${INPUT_IMG}</arg>
<arg>${EXECDIR}/resources/images/${produto['img']}</arg>
</arguments>
<msg timestamp="20200711 22:12:57.348" level="INFO">Sending C:\Estudos\qaninja-roboweek-2-edicao\ninjachef\resources\images\nhoque.jpg to browser.</msg>
<status status="PASS" starttime="20200711 22:12:57.348" endtime="20200711 22:12:57.398"></status>
</kw>
<kw name="Input Text" library="SeleniumLibrary">
<doc>Types the given ``text`` into the text field identified by ``locator``.</doc>
<arguments>
<arg>${CAMPO_NAME}</arg>
<arg>${produto['nome']}</arg>
</arguments>
<msg timestamp="20200711 22:12:57.398" level="INFO">Typing text 'Nnhoque molho páprica' into text field 'id:name'.</msg>
<status status="PASS" starttime="20200711 22:12:57.398" endtime="20200711 22:12:57.563"></status>
</kw>
<kw name="Input Text" library="SeleniumLibrary">
<doc>Types the given ``text`` into the text field identified by ``locator``.</doc>
<arguments>
<arg>${CAMPO_PLATE}</arg>
<arg>${produto['tipo']}</arg>
</arguments>
<msg timestamp="20200711 22:12:57.564" level="INFO">Typing text 'Massas' into text field 'id:plate'.</msg>
<status status="PASS" starttime="20200711 22:12:57.563" endtime="20200711 22:12:57.676"></status>
</kw>
<kw name="Input Text" library="SeleniumLibrary">
<doc>Types the given ``text`` into the text field identified by ``locator``.</doc>
<arguments>
<arg>${CAMPO_PRICE}</arg>
<arg>${produto['preco']}</arg>
</arguments>
<msg timestamp="20200711 22:12:57.677" level="INFO">Typing text '20.00' into text field 'id:price'.</msg>
<status status="PASS" starttime="20200711 22:12:57.677" endtime="20200711 22:12:57.782"></status>
</kw>
<kw name="Click Element" library="SeleniumLibrary">
<doc>Click the element identified by ``locator``.</doc>
<arguments>
<arg>${BOTAO_CAD}</arg>
</arguments>
<msg timestamp="20200711 22:12:57.783" level="INFO">Clicking element 'class:btn-cadastrar'.</msg>
<status status="PASS" starttime="20200711 22:12:57.782" endtime="20200711 22:12:57.847"></status>
</kw>
<status status="PASS" starttime="20200711 22:12:56.746" endtime="20200711 22:12:57.847"></status>
</kw>
<kw name="Então devo ver este prato no meu dashboard" library="kws">
<kw name="Wait Until Element Contains" library="SeleniumLibrary">
<doc>Waits until the element ``locator`` contains ``text``.</doc>
<arguments>
<arg>${CAMPO_LIST}</arg>
<arg>${produto['nome']}</arg>
</arguments>
<status status="PASS" starttime="20200711 22:12:57.849" endtime="20200711 22:12:59.294"></status>
</kw>
<status status="PASS" starttime="20200711 22:12:57.848" endtime="20200711 22:12:59.294"></status>
</kw>
<kw name="Close Section" library="base" type="teardown">
<kw name="Close Browser" library="SeleniumLibrary">
<doc>Closes the current browser.</doc>
<status status="PASS" starttime="20200711 22:12:59.296" endtime="20200711 22:13:01.454"></status>
</kw>
<status status="PASS" starttime="20200711 22:12:59.295" endtime="20200711 22:13:01.455"></status>
</kw>
<status status="PASS" starttime="20200711 22:12:48.623" endtime="20200711 22:13:01.456" critical="yes"></status>
</test>
<doc>Cadastro de produtos/pratos
Sendo um cozinheiro amador
Quero cadastrar meus melhores pratos
Para que eu possa cozinha-los para outras pessoas</doc>
<status status="PASS" starttime="20200711 22:12:48.599" endtime="20200711 22:13:01.459"></status>
</suite>
<status status="PASS" starttime="20200711 22:12:22.288" endtime="20200711 22:13:01.468"></status>
</suite>
<statistics>
<total>
<stat pass="4" fail="0">Critical Tests</stat>
<stat pass="4" fail="0">All Tests</stat>
</total>
<tag>
</tag>
<suite>
<stat pass="4" fail="0" id="s1" name="Tests">Tests</stat>
<stat pass="3" fail="0" id="s1-s1" name="Cadastro-Usuario">Tests.Cadastro-Usuario</stat>
<stat pass="1" fail="0" id="s1-s2" name="Produtos">Tests.Produtos</stat>
</suite>
</statistics>
<errors>
</errors>
</robot>
