<?xml version="1.0" encoding="UTF-8"?>
<robot generator="Robot 3.2.1 (Python 3.8.3 on win32)" generated="20200725 10:29:44.412" rpa="false">
<suite id="s1" name="Login" source="C:\Estudos\qaninja-roboweek-2-edicao\ninjachef\mobile\tests\login.robot">
<test id="s1-t1" name="Acessar o cardapio">
<kw name="Open Session" library="base" type="setup">
<kw name="Open Application" library="AppiumLibrary">
<doc>Opens a new application to given Appium server.
Capabilities of appium server, Android and iOS,
Please check https://github.com/appium/appium/blob/master/docs/en/writing-running-appium/server-args.md
| *Option*            | *Man.* | *Description*     |
| remote_url          | Yes    | Appium server url |
| alias               | no     | alias             |</doc>
<arguments>
<arg>http://localhost:4723/wd/hub</arg>
<arg>automationName=UiAutomator2</arg>
<arg>platformName=Android</arg>
<arg>deviceName=Emulator</arg>
<arg>app=${EXECDIR}/app/ninjachef.apk</arg>
<arg>udid=emulator-5554</arg>
<arg>adbExecTimeout=120000</arg>
</arguments>
<status status="PASS" starttime="20200725 10:29:44.762" endtime="20200725 10:30:00.951"></status>
</kw>
<status status="PASS" starttime="20200725 10:29:44.761" endtime="20200725 10:30:00.952"></status>
</kw>
<kw name="Dado que desejo comer &quot;Massas&quot;" library="kws">
<kw name="Set Test Variable" library="BuiltIn">
<doc>Makes a variable available everywhere within the scope of the current test.</doc>
<arguments>
<arg>${prato}</arg>
</arguments>
<msg timestamp="20200725 10:30:00.963" level="INFO">${prato} = Massas</msg>
<status status="PASS" starttime="20200725 10:30:00.963" endtime="20200725 10:30:00.963"></status>
</kw>
<status status="PASS" starttime="20200725 10:30:00.962" endtime="20200725 10:30:00.964"></status>
</kw>
<kw name="Quando submeto meu email &quot;papito@qaninja.com.br&quot;" library="kws">
<kw name="Wait Until Page Contains" library="AppiumLibrary">
<doc>Waits until `text` appears on current page.</doc>
<arguments>
<arg>Buscar Prato</arg>
<arg>10</arg>
</arguments>
<status status="PASS" starttime="20200725 10:30:00.976" endtime="20200725 10:30:03.645"></status>
</kw>
<kw name="Input Text" library="AppiumLibrary">
<doc>Types the given `text` into text field identified by `locator`.</doc>
<arguments>
<arg>accessibility_id=emailInput</arg>
<arg>${email}</arg>
</arguments>
<msg timestamp="20200725 10:30:03.646" level="INFO">Typing text 'papito@qaninja.com.br' into text field 'accessibility_id=emailInput'</msg>
<status status="PASS" starttime="20200725 10:30:03.645" endtime="20200725 10:30:03.719"></status>
</kw>
<kw name="Input Text" library="AppiumLibrary">
<doc>Types the given `text` into text field identified by `locator`.</doc>
<arguments>
<arg>accessibility_id=plateInput</arg>
<arg>${prato}</arg>
</arguments>
<msg timestamp="20200725 10:30:03.721" level="INFO">Typing text 'Massas' into text field 'accessibility_id=plateInput'</msg>
<status status="PASS" starttime="20200725 10:30:03.720" endtime="20200725 10:30:04.806"></status>
</kw>
<kw name="Click Text" library="AppiumLibrary">
<doc>Click text identified by ``text``.</doc>
<arguments>
<arg>Buscar Prato</arg>
</arguments>
<status status="PASS" starttime="20200725 10:30:04.806" endtime="20200725 10:30:05.488"></status>
</kw>
<status status="PASS" starttime="20200725 10:30:00.975" endtime="20200725 10:30:05.488"></status>
</kw>
<kw name="Entao devo ver a lista de pratos por tipo" library="kws">
<kw name="Wait Until Page Contains" library="AppiumLibrary">
<doc>Waits until `text` appears on current page.</doc>
<arguments>
<arg>Fome de ${prato}</arg>
</arguments>
<status status="PASS" starttime="20200725 10:30:05.489" endtime="20200725 10:30:06.685"></status>
</kw>
<status status="PASS" starttime="20200725 10:30:05.489" endtime="20200725 10:30:06.685"></status>
</kw>
<kw name="Close Session" library="base" type="teardown">
<kw name="Sleep" library="BuiltIn">
<doc>Pauses the test executed for the given time.</doc>
<arguments>
<arg>5</arg>
</arguments>
<msg timestamp="20200725 10:30:11.692" level="INFO">Slept 5 seconds</msg>
<status status="PASS" starttime="20200725 10:30:06.686" endtime="20200725 10:30:11.692"></status>
</kw>
<kw name="Capture Page Screenshot" library="AppiumLibrary">
<doc>Takes a screenshot of the current page and embeds it into the log.</doc>
<msg timestamp="20200725 10:30:12.200" level="INFO" html="yes">&lt;/td&gt;&lt;/tr&gt;&lt;tr&gt;&lt;td colspan="3"&gt;&lt;a href="appium-screenshot-1.png"&gt;&lt;img src="appium-screenshot-1.png" width="800px"&gt;&lt;/a&gt;</msg>
<status status="PASS" starttime="20200725 10:30:11.692" endtime="20200725 10:30:12.201"></status>
</kw>
<kw name="Close Application" library="AppiumLibrary">
<doc>Closes the current application and also close webdriver session.</doc>
<status status="PASS" starttime="20200725 10:30:12.201" endtime="20200725 10:30:13.011"></status>
</kw>
<status status="PASS" starttime="20200725 10:30:06.685" endtime="20200725 10:30:13.011"></status>
</kw>
<status status="PASS" starttime="20200725 10:29:44.760" endtime="20200725 10:30:13.013" critical="yes"></status>
</test>
<doc>Testes do login do Ninjachef Mobile</doc>
<status status="PASS" starttime="20200725 10:29:44.414" endtime="20200725 10:30:13.014"></status>
</suite>
<statistics>
<total>
<stat pass="1" fail="0">Critical Tests</stat>
<stat pass="1" fail="0">All Tests</stat>
</total>
<tag>
</tag>
<suite>
<stat pass="1" fail="0" id="s1" name="Login">Login</stat>
</suite>
</statistics>
<errors>
</errors>
</robot>
