<?xml version="1.0" encoding="UTF-8"?>
<robot generator="Robot 3.2.1 (Python 3.8.3 on win32)" generated="20200722 10:28:04.105" rpa="false">
<suite id="s1" name="Login" source="C:\Estudos\qaninja-roboweek-2-edicao\ninjachef\mobile\tests\login.robot">
<test id="s1-t1" name="Acessar o cardapio">
<kw name="Open Session" library="base" type="setup">
<kw name="Open Application" library="AppiumLibrary">
<doc>Opens a new application to given Appium server.
Capabilities of appium server, Android and iOS,
Please check https://github.com/appium/appium/blob/master/docs/en/writing-running-appium/server-args.md
| *Option*            | *Man.* | *Description*     |
| remote_url          | Yes    | Appium server url |
| alias               | no     | alias             |</doc>
<arguments>
<arg>http://localhost:4723/wd/hub</arg>
<arg>automationName=UiAutomator2</arg>
<arg>platformName=Android</arg>
<arg>deviceName=Emulator</arg>
<arg>app=${EXECDIR}/app/ninjachef.apk</arg>
<arg>udid=emulator-5554</arg>
<arg>adbExecTimeout=120000</arg>
</arguments>
<status status="PASS" starttime="20200722 10:28:04.482" endtime="20200722 10:28:19.505"></status>
</kw>
<status status="PASS" starttime="20200722 10:28:04.481" endtime="20200722 10:28:19.506"></status>
</kw>
<kw name="Dado que desejo comer &quot;Massas&quot;" library="kws">
<kw name="Set Test Variable" library="BuiltIn">
<doc>Makes a variable available everywhere within the scope of the current test.</doc>
<arguments>
<arg>${prato}</arg>
</arguments>
<msg timestamp="20200722 10:28:19.508" level="INFO">${prato} = Massas</msg>
<status status="PASS" starttime="20200722 10:28:19.508" endtime="20200722 10:28:19.508"></status>
</kw>
<status status="PASS" starttime="20200722 10:28:19.507" endtime="20200722 10:28:19.509"></status>
</kw>
<kw name="Quando submeto meu email &quot;papito@qaninja.com.br&quot;" library="kws">
<kw name="Wait Until Page Contains" library="AppiumLibrary">
<doc>Waits until `text` appears on current page.</doc>
<arguments>
<arg>Buscar Prato</arg>
<arg>10</arg>
</arguments>
<status status="PASS" starttime="20200722 10:28:19.510" endtime="20200722 10:28:21.907"></status>
</kw>
<kw name="Input Text" library="AppiumLibrary">
<doc>Types the given `text` into text field identified by `locator`.</doc>
<arguments>
<arg>accessibility_id=emailInput</arg>
<arg>${email}</arg>
</arguments>
<msg timestamp="20200722 10:28:21.910" level="INFO">Typing text 'papito@qaninja.com.br' into text field 'accessibility_id=emailInput'</msg>
<status status="PASS" starttime="20200722 10:28:21.908" endtime="20200722 10:28:22.473"></status>
</kw>
<kw name="Input Text" library="AppiumLibrary">
<doc>Types the given `text` into text field identified by `locator`.</doc>
<arguments>
<arg>accessibility_id=plateInput</arg>
<arg>${prato}</arg>
</arguments>
<msg timestamp="20200722 10:28:22.475" level="INFO">Typing text 'Massas' into text field 'accessibility_id=plateInput'</msg>
<status status="PASS" starttime="20200722 10:28:22.474" endtime="20200722 10:28:23.485"></status>
</kw>
<kw name="Click Text" library="AppiumLibrary">
<doc>Click text identified by ``text``.</doc>
<arguments>
<arg>Buscar Prato</arg>
</arguments>
<status status="PASS" starttime="20200722 10:28:23.485" endtime="20200722 10:28:24.002"></status>
</kw>
<status status="PASS" starttime="20200722 10:28:19.510" endtime="20200722 10:28:24.002"></status>
</kw>
<kw name="Entao devo ver a lista de pratos por tipo" library="kws">
<kw name="Wait Until Page Contains" library="AppiumLibrary">
<doc>Waits until `text` appears on current page.</doc>
<arguments>
<arg>Fome de ${prato}</arg>
</arguments>
<status status="PASS" starttime="20200722 10:28:24.008" endtime="20200722 10:28:26.040"></status>
</kw>
<status status="PASS" starttime="20200722 10:28:24.008" endtime="20200722 10:28:26.040"></status>
</kw>
<kw name="Close Session" library="base" type="teardown">
<kw name="Sleep" library="BuiltIn">
<doc>Pauses the test executed for the given time.</doc>
<arguments>
<arg>5</arg>
</arguments>
<msg timestamp="20200722 10:28:31.055" level="INFO">Slept 5 seconds</msg>
<status status="PASS" starttime="20200722 10:28:26.042" endtime="20200722 10:28:31.055"></status>
</kw>
<kw name="Capture Page Screenshot" library="AppiumLibrary">
<doc>Takes a screenshot of the current page and embeds it into the log.</doc>
<msg timestamp="20200722 10:28:31.621" level="INFO" html="yes">&lt;/td&gt;&lt;/tr&gt;&lt;tr&gt;&lt;td colspan="3"&gt;&lt;a href="appium-screenshot-1.png"&gt;&lt;img src="appium-screenshot-1.png" width="800px"&gt;&lt;/a&gt;</msg>
<status status="PASS" starttime="20200722 10:28:31.056" endtime="20200722 10:28:31.622"></status>
</kw>
<kw name="Close Application" library="AppiumLibrary">
<doc>Closes the current application and also close webdriver session.</doc>
<status status="PASS" starttime="20200722 10:28:31.622" endtime="20200722 10:28:32.416"></status>
</kw>
<status status="PASS" starttime="20200722 10:28:26.041" endtime="20200722 10:28:32.417"></status>
</kw>
<status status="PASS" starttime="20200722 10:28:04.480" endtime="20200722 10:28:32.420" critical="yes"></status>
</test>
<doc>Testes do login do Ninjachef Mobile</doc>
<status status="PASS" starttime="20200722 10:28:04.107" endtime="20200722 10:28:32.422"></status>
</suite>
<statistics>
<total>
<stat pass="1" fail="0">Critical Tests</stat>
<stat pass="1" fail="0">All Tests</stat>
</total>
<tag>
</tag>
<suite>
<stat pass="1" fail="0" id="s1" name="Login">Login</stat>
</suite>
</statistics>
<errors>
</errors>
</robot>
